<?xml version="1.0" encoding="UTF-8"?>
<testng-results ignored="0" total="1" passed="1" failed="0" skipped="0">
  <reporter-output>
  </reporter-output>
  <suite started-at="2023-06-13T20:04:34 IST" name="Default suite" finished-at="2023-06-13T20:04:53 IST" duration-ms="18264">
    <groups>
    </groups>
    <test started-at="2023-06-13T20:04:34 IST" name="Default test" finished-at="2023-06-13T20:04:53 IST" duration-ms="18264">
      <class name="testng.Amazonwindow">
        <test-method is-config="true" signature="beforetest()[pri:0, instance:testng.Amazonwindow@13fd2ccd]" started-at="2023-06-13T20:04:34 IST" name="beforetest" finished-at="2023-06-13T20:04:39 IST" duration-ms="4389" status="PASS">
          <reporter-output>
          </reporter-output>
        </test-method> <!-- beforetest -->
        <test-method signature="test()[pri:0, instance:testng.Amazonwindow@13fd2ccd]" started-at="2023-06-13T20:04:39 IST" name="test" finished-at="2023-06-13T20:04:53 IST" duration-ms="13830" status="PASS">
          <reporter-output>
          </reporter-output>
        </test-method> <!-- test -->
      </class> <!-- testng.Amazonwindow -->
    </test> <!-- Default test -->
  </suite> <!-- Default suite -->
</testng-results>
